Arguments: 
  C:\Program Files\nodejs\node.exe C:\Users\asus\AppData\Roaming\npm\node_modules\yarn\bin\yarn.js add @angular/animations@5.0.0 @angular/common@5.0.0 @angular/compiler@5.0.0 @angular/compiler-cli@5.0.0 @angular/core@5.0.0 @angular/forms@5.0.0 @angular/http@5.0.0 @angular/platform-browser@5.0.0 @angular/platform-browser-dynamic@5.0.0 @angular/platform-server@5.0.0 @angular/router@5.0.0 typescript@2.4.2 rxjs@5.5.2

PATH: 
  C:\Program Files\Java\jdk1.8.0_111\bin;C:\WINDOWS\system32;C:\WINDOWS;C:\WINDOWS\System32\Wbem;C:\WINDOWS\System32\WindowsPowerShell\v1.0\;C:\Program Files\TortoiseSVN\bin;C:\Program Files\Apache-Subversion-1.9.5\bin;C:\Program Files\nodejs\;C:\Program Files\dotnet\;D:\Python27;D:\Python27\Scripts;C:\Program Files\Microsoft SQL Server\130\Tools\Binn\;C:\Program Files (x86)\Microsoft SQL Server\Client SDK\ODBC\130\Tools\Binn\;C:\Program Files (x86)\Microsoft SQL Server\140\Tools\Binn\;C:\Program Files (x86)\Microsoft SQL Server\140\DTS\Binn\;C:\Program Files (x86)\Microsoft SQL Server\140\Tools\Binn\ManagementStudio\;D:\Android\sdk\tools;D:\Android\sdk\platform-tools;D:\nginx-1.10.2;C:\Users\asus\.gradle\wrapper\dists\gradle-3.3-all\55gk2rcmfc6p2dg9u9ohc3hw9\gradle-3.3\bin;D:\apache-maven-3.5.0\bin;C:\Program Files\Git\cmd;;C:\Users\asus\AppData\Roaming\npm;C:\Users\asus\AppData\Local\Microsoft\WindowsApps;C:\Program Files (x86)\Microsoft VS Code\bin

Yarn version: 
  1.3.2

Node version: 
  6.10.3

Platform: 
  win32 x64

npm manifest: 
  {
    "name": "demo06",
    "version": "0.0.0",
    "license": "MIT",
    "scripts": {
      "ng": "ng",
      "start": "ng serve --port 4201",
      "build": "ng build",
      "test": "ng test",
      "lint": "ng lint",
      "e2e": "ng e2e",
      "aot": "./node_modules/.bin/ngc -p ./tsconfig-aot.json",
      "rollup": "./node_modules/.bin/rollup -c ./rollup-config.js"
    },
    "private": true,
    "dependencies": {
      "@angular/animations": "^4.3.1",
      "@angular/cdk": "^2.0.0-beta.8",
      "@angular/common": "^4.3.1",
      "@angular/compiler": "^4.3.1",
      "@angular/compiler-cli": "^4.3.1",
      "@angular/core": "^4.3.1",
      "@angular/forms": "^4.3.1",
      "@angular/http": "^4.3.1",
      "@angular/material": "^2.0.0-beta.8",
      "@angular/platform-browser": "^4.3.1",
      "@angular/platform-browser-dynamic": "^4.3.1",
      "@angular/platform-server": "^4.3.1",
      "@angular/router": "^4.3.1",
      "@ngrx/db": "^2.0.2",
      "@ngrx/effects": "^4.0.1",
      "@ngrx/router-store": "^4.0.0",
      "@ngrx/store": "^4.0.0",
      "core-js": "^2.4.1",
      "hammerjs": "^2.0.8",
      "ngrx-store-freeze": "^0.1.9",
      "reselect": "^3.0.1",
      "rxjs": "^5.4.2",
      "three": "^0.86.0",
      "three.js": "^0.77.1",
      "typescript": "^2.4.2",
      "zone.js": "^0.8.4"
    },
    "devDependencies": {
      "@angular/cli": "1.3.0",
      "@angular/compiler-cli": "^4.0.0",
      "@angular/language-service": "^4.0.0",
      "@types/jasmine": "~2.5.53",
      "@types/jasminewd2": "~2.0.2",
      "@types/node": "~8.0.20",
      "@types/three": "^0.84.19",
      "codelyzer": "~3.1.2",
      "jasmine-core": "~2.7.0",
      "jasmine-spec-reporter": "~4.2.0",
      "karma": "~1.7.0",
      "karma-chrome-launcher": "~2.2.0",
      "karma-cli": "~1.0.1",
      "karma-coverage-istanbul-reporter": "^1.2.1",
      "karma-jasmine": "~1.1.0",
      "karma-jasmine-html-reporter": "^0.2.2",
      "protractor": "~5.1.2",
      "rollup": "^0.45.2",
      "rollup-plugin-commonjs": "^8.1.0",
      "rollup-plugin-node-resolve": "^3.0.0",
      "rollup-plugin-uglify": "^2.0.1",
      "ts-node": "~3.3.0",
      "tslint": "~5.6.0",
      "typescript": "~2.4.2"
    }
  }

yarn manifest: 
  No manifest

Lockfile: 
  No lockfile

Trace: 
  Error: connect ETIMEDOUT 220.181.78.91:443
      at Object.exports._errnoException (util.js:1018:11)
      at exports._exceptionWithHostPort (util.js:1041:20)
      at TCPConnectWrap.afterConnect [as oncomplete] (net.js:1086:14)
